2015-03-18 19:22:56,768 - INFO - Starting new HTTP connection (1): orion.lab.fiware.org
2015-03-18 19:22:58,534 - INFO - Starting new HTTP connection (1): orion.lab.fiware.org
2015-03-18 19:22:58,850 - INFO - Starting new HTTP connection (1): orion.lab.fiware.org
2015-03-18 19:23:01,059 - INFO - Starting new HTTP connection (1): orion.lab.fiware.org
2015-03-18 19:23:01,758 - INFO - Starting new HTTP connection (1): orion.lab.fiware.org
2015-03-18 19:23:02,052 - INFO - Starting new HTTP connection (1): orion.lab.fiware.org
2015-03-18 19:23:02,370 - INFO -  * Running on http://0.0.0.0:1026/
2015-03-18 19:23:11,560 - INFO - Starting new HTTP connection (1): www.sevici.es
2015-03-18 19:23:11,805 - INFO - 130.206.81.46 - - [18/Mar/2015 19:23:11] "POST /v1/queryContext HTTP/1.1" 200 -
2015-03-18 19:23:12,349 - INFO - 130.206.81.46 - - [18/Mar/2015 19:23:12] "POST /v1/queryContext HTTP/1.1" 200 -
2015-03-18 19:23:29,162 - INFO - Starting new HTTP connection (1): www.sevici.es
2015-03-18 19:23:29,253 - INFO - Starting new HTTP connection (1): www.sevici.es
2015-03-18 19:23:29,345 - INFO - Starting new HTTP connection (1): www.sevici.es
2015-03-18 19:23:29,437 - INFO - Starting new HTTP connection (1): www.sevici.es
2015-03-18 19:23:29,530 - INFO - Starting new HTTP connection (1): www.sevici.es
2015-03-18 19:23:29,623 - INFO - Starting new HTTP connection (1): www.sevici.es
2015-03-18 19:23:29,717 - INFO - Starting new HTTP connection (1): www.sevici.es
2015-03-18 19:23:29,808 - INFO - Starting new HTTP connection (1): www.sevici.es
2015-03-18 19:23:29,902 - INFO - Starting new HTTP connection (1): www.sevici.es
2015-03-18 19:23:29,999 - INFO - Starting new HTTP connection (1): www.sevici.es
2015-03-18 19:23:30,093 - INFO - Starting new HTTP connection (1): www.sevici.es
2015-03-18 19:23:30,195 - INFO - Starting new HTTP connection (1): www.sevici.es
2015-03-18 19:23:30,288 - INFO - Starting new HTTP connection (1): www.sevici.es
2015-03-18 19:23:30,379 - INFO - Starting new HTTP connection (1): www.sevici.es
2015-03-18 19:23:30,472 - INFO - Starting new HTTP connection (1): www.sevici.es
2015-03-18 19:23:30,577 - INFO - Starting new HTTP connection (1): www.sevici.es
2015-03-18 19:23:30,672 - INFO - Starting new HTTP connection (1): www.sevici.es
2015-03-18 19:23:30,762 - INFO - Starting new HTTP connection (1): www.sevici.es
2015-03-18 19:23:30,861 - INFO - Starting new HTTP connection (1): www.sevici.es
2015-03-18 19:23:30,982 - INFO - Starting new HTTP connection (1): www.sevici.es
2015-03-18 19:23:31,093 - INFO - Starting new HTTP connection (1): www.sevici.es
2015-03-18 19:23:31,184 - INFO - Starting new HTTP connection (1): www.sevici.es
2015-03-18 19:23:31,278 - INFO - Starting new HTTP connection (1): www.sevici.es
2015-03-18 19:23:31,370 - INFO - Starting new HTTP connection (1): www.sevici.es
2015-03-18 19:23:31,464 - INFO - Starting new HTTP connection (1): www.sevici.es
2015-03-18 19:23:31,555 - INFO - Starting new HTTP connection (1): www.sevici.es
2015-03-18 19:23:31,652 - INFO - Starting new HTTP connection (1): www.sevici.es
2015-03-18 19:23:31,746 - INFO - Starting new HTTP connection (1): www.sevici.es
2015-03-18 19:23:31,839 - INFO - Starting new HTTP connection (1): www.sevici.es
2015-03-18 19:23:31,931 - INFO - Starting new HTTP connection (1): www.sevici.es
2015-03-18 19:23:32,027 - INFO - Starting new HTTP connection (1): www.sevici.es
2015-03-18 19:23:32,120 - INFO - Starting new HTTP connection (1): www.sevici.es
2015-03-18 19:23:32,213 - INFO - Starting new HTTP connection (1): www.sevici.es
2015-03-18 19:23:32,305 - INFO - Starting new HTTP connection (1): www.sevici.es
2015-03-18 19:23:32,399 - INFO - Starting new HTTP connection (1): www.sevici.es
2015-03-18 19:23:32,497 - INFO - Starting new HTTP connection (1): www.sevici.es
2015-03-18 19:23:32,591 - INFO - Starting new HTTP connection (1): www.sevici.es
2015-03-18 19:23:32,685 - INFO - Starting new HTTP connection (1): www.sevici.es
2015-03-18 19:23:32,814 - INFO - Starting new HTTP connection (1): www.sevici.es
2015-03-18 19:23:32,924 - INFO - 130.206.81.46 - - [18/Mar/2015 19:23:32] "POST /v1/queryContext HTTP/1.1" 200 -
2015-03-18 19:23:38,514 - INFO - 130.206.81.46 - - [18/Mar/2015 19:23:38] "POST /v1/queryContext HTTP/1.1" 200 -
2015-03-18 19:24:32,618 - INFO - Starting new HTTP connection (1): www.tusbic.es
2015-03-18 19:24:32,895 - INFO - Starting new HTTP connection (1): www.tusbic.es
2015-03-18 19:24:32,985 - INFO - Starting new HTTP connection (1): www.tusbic.es
2015-03-18 19:24:33,073 - INFO - Starting new HTTP connection (1): www.tusbic.es
2015-03-18 19:24:33,163 - INFO - Starting new HTTP connection (1): www.tusbic.es
2015-03-18 19:24:33,252 - INFO - Starting new HTTP connection (1): www.tusbic.es
2015-03-18 19:24:33,342 - INFO - Starting new HTTP connection (1): www.tusbic.es
2015-03-18 19:24:33,431 - INFO - Starting new HTTP connection (1): www.tusbic.es
2015-03-18 19:24:33,522 - INFO - Starting new HTTP connection (1): www.tusbic.es
2015-03-18 19:24:33,611 - INFO - Starting new HTTP connection (1): www.tusbic.es
2015-03-18 19:24:33,702 - INFO - Starting new HTTP connection (1): www.tusbic.es
2015-03-18 19:24:33,791 - INFO - Starting new HTTP connection (1): www.tusbic.es
2015-03-18 19:24:33,882 - INFO - Starting new HTTP connection (1): www.tusbic.es
2015-03-18 19:24:33,974 - INFO - Starting new HTTP connection (1): www.tusbic.es
2015-03-18 19:24:34,064 - INFO - Starting new HTTP connection (1): www.tusbic.es
2015-03-18 19:24:34,152 - INFO - Starting new HTTP connection (1): www.tusbic.es
2015-03-18 19:24:34,249 - INFO - 130.206.81.46 - - [18/Mar/2015 19:24:34] "POST /v1/queryContext HTTP/1.1" 200 -
2015-03-18 19:24:35,006 - INFO - 130.206.81.46 - - [18/Mar/2015 19:24:35] "POST /v1/queryContext HTTP/1.1" 200 -
2015-03-18 20:34:24,128 - INFO - Starting new HTTP connection (1): www.sevici.es
2015-03-18 20:34:24,486 - INFO - Starting new HTTP connection (1): www.sevici.es
2015-03-18 20:34:24,578 - INFO - Starting new HTTP connection (1): www.sevici.es
2015-03-18 20:34:24,671 - INFO - Starting new HTTP connection (1): www.sevici.es
2015-03-18 20:34:24,762 - INFO - Starting new HTTP connection (1): www.sevici.es
2015-03-18 20:34:24,861 - INFO - Starting new HTTP connection (1): www.sevici.es
2015-03-18 20:34:24,951 - INFO - Starting new HTTP connection (1): www.sevici.es
2015-03-18 20:34:25,043 - INFO - Starting new HTTP connection (1): www.sevici.es
2015-03-18 20:34:25,133 - INFO - Starting new HTTP connection (1): www.sevici.es
2015-03-18 20:34:25,226 - INFO - Starting new HTTP connection (1): www.sevici.es
2015-03-18 20:34:25,318 - INFO - Starting new HTTP connection (1): www.sevici.es
2015-03-18 20:34:25,411 - INFO - Starting new HTTP connection (1): www.sevici.es
2015-03-18 20:34:25,506 - INFO - Starting new HTTP connection (1): www.sevici.es
2015-03-18 20:34:25,599 - INFO - Starting new HTTP connection (1): www.sevici.es
2015-03-18 20:34:25,691 - INFO - Starting new HTTP connection (1): www.sevici.es
2015-03-18 20:34:25,786 - INFO - Starting new HTTP connection (1): www.sevici.es
2015-03-18 20:34:25,877 - INFO - Starting new HTTP connection (1): www.sevici.es
2015-03-18 20:34:25,968 - INFO - Starting new HTTP connection (1): www.sevici.es
2015-03-18 20:34:26,061 - INFO - Starting new HTTP connection (1): www.sevici.es
2015-03-18 20:34:26,153 - INFO - Starting new HTTP connection (1): www.sevici.es
2015-03-18 20:34:26,245 - INFO - Starting new HTTP connection (1): www.sevici.es
2015-03-18 20:34:26,340 - INFO - Starting new HTTP connection (1): www.sevici.es
2015-03-18 20:34:26,432 - INFO - Starting new HTTP connection (1): www.sevici.es
2015-03-18 20:34:26,525 - INFO - Starting new HTTP connection (1): www.sevici.es
2015-03-18 20:34:26,619 - INFO - Starting new HTTP connection (1): www.sevici.es
2015-03-18 20:34:26,713 - INFO - Starting new HTTP connection (1): www.sevici.es
2015-03-18 20:34:26,804 - INFO - Starting new HTTP connection (1): www.sevici.es
2015-03-18 20:34:26,901 - INFO - Starting new HTTP connection (1): www.sevici.es
2015-03-18 20:34:26,994 - INFO - Starting new HTTP connection (1): www.sevici.es
2015-03-18 20:34:27,092 - INFO - Starting new HTTP connection (1): www.sevici.es
2015-03-18 20:34:27,184 - INFO - Starting new HTTP connection (1): www.sevici.es
2015-03-18 20:34:27,276 - INFO - Starting new HTTP connection (1): www.sevici.es
2015-03-18 20:34:27,372 - INFO - Starting new HTTP connection (1): www.sevici.es
2015-03-18 20:34:27,466 - INFO - Starting new HTTP connection (1): www.sevici.es
2015-03-18 20:34:27,559 - INFO - Starting new HTTP connection (1): www.sevici.es
2015-03-18 20:34:27,661 - INFO - Starting new HTTP connection (1): www.sevici.es
2015-03-18 20:34:27,752 - INFO - Starting new HTTP connection (1): www.sevici.es
2015-03-18 20:34:27,855 - INFO - Starting new HTTP connection (1): www.sevici.es
2015-03-18 20:34:27,947 - INFO - Starting new HTTP connection (1): www.sevici.es
2015-03-18 20:34:28,044 - INFO - Starting new HTTP connection (1): www.sevici.es
2015-03-18 20:34:28,149 - INFO - 130.206.81.46 - - [18/Mar/2015 20:34:28] "POST /v1/queryContext HTTP/1.1" 200 -
2015-03-18 20:34:32,998 - INFO - 130.206.81.46 - - [18/Mar/2015 20:34:32] "POST /v1/queryContext HTTP/1.1" 200 -
2015-03-18 23:26:58,902 - INFO - Starting new HTTP connection (1): www.tusbic.es
2015-03-18 23:26:59,156 - INFO - Starting new HTTP connection (1): www.tusbic.es
2015-03-18 23:26:59,245 - INFO - Starting new HTTP connection (1): www.tusbic.es
2015-03-18 23:26:59,443 - INFO - Starting new HTTP connection (1): www.tusbic.es
2015-03-18 23:26:59,533 - INFO - Starting new HTTP connection (1): www.tusbic.es
2015-03-18 23:26:59,624 - INFO - Starting new HTTP connection (1): www.tusbic.es
2015-03-18 23:26:59,713 - INFO - Starting new HTTP connection (1): www.tusbic.es
2015-03-18 23:26:59,803 - INFO - Starting new HTTP connection (1): www.tusbic.es
2015-03-18 23:26:59,892 - INFO - Starting new HTTP connection (1): www.tusbic.es
2015-03-18 23:26:59,983 - INFO - Starting new HTTP connection (1): www.tusbic.es
2015-03-18 23:27:00,074 - INFO - Starting new HTTP connection (1): www.tusbic.es
2015-03-18 23:27:00,165 - INFO - Starting new HTTP connection (1): www.tusbic.es
2015-03-18 23:27:00,255 - INFO - Starting new HTTP connection (1): www.tusbic.es
2015-03-18 23:27:00,346 - INFO - Starting new HTTP connection (1): www.tusbic.es
2015-03-18 23:27:00,438 - INFO - Starting new HTTP connection (1): www.tusbic.es
2015-03-18 23:27:00,530 - INFO - Starting new HTTP connection (1): www.tusbic.es
2015-03-18 23:27:00,627 - INFO - 130.206.81.46 - - [18/Mar/2015 23:27:00] "POST /v1/queryContext HTTP/1.1" 200 -
2015-03-18 23:27:01,612 - INFO - 130.206.81.46 - - [18/Mar/2015 23:27:01] "POST /v1/queryContext HTTP/1.1" 200 -
2015-03-19 09:03:21,974 - INFO - Starting new HTTP connection (1): www.tusbic.es
2015-03-19 09:03:22,253 - INFO - Starting new HTTP connection (1): www.tusbic.es
2015-03-19 09:03:22,349 - INFO - Starting new HTTP connection (1): www.tusbic.es
2015-03-19 09:03:22,442 - INFO - Starting new HTTP connection (1): www.tusbic.es
2015-03-19 09:03:22,539 - INFO - Starting new HTTP connection (1): www.tusbic.es
2015-03-19 09:03:22,633 - INFO - Starting new HTTP connection (1): www.tusbic.es
2015-03-19 09:03:22,723 - INFO - Starting new HTTP connection (1): www.tusbic.es
2015-03-19 09:03:22,814 - INFO - Starting new HTTP connection (1): www.tusbic.es
2015-03-19 09:03:22,905 - INFO - Starting new HTTP connection (1): www.tusbic.es
2015-03-19 09:03:23,007 - INFO - Starting new HTTP connection (1): www.tusbic.es
2015-03-19 09:03:23,096 - INFO - Starting new HTTP connection (1): www.tusbic.es
2015-03-19 09:03:23,192 - INFO - Starting new HTTP connection (1): www.tusbic.es
2015-03-19 09:03:23,284 - INFO - Starting new HTTP connection (1): www.tusbic.es
2015-03-19 09:03:23,381 - INFO - Starting new HTTP connection (1): www.tusbic.es
2015-03-19 09:03:23,476 - INFO - Starting new HTTP connection (1): www.tusbic.es
2015-03-19 09:03:23,571 - INFO - Starting new HTTP connection (1): www.tusbic.es
2015-03-19 09:03:23,678 - INFO - 130.206.81.46 - - [19/Mar/2015 09:03:23] "POST /v1/queryContext HTTP/1.1" 200 -
2015-03-19 09:03:24,310 - INFO - 130.206.81.46 - - [19/Mar/2015 09:03:24] "POST /v1/queryContext HTTP/1.1" 200 -
